2018-01-10 at 23:39:55 CST INFO  org.springframework.context.support.AbstractApplicationContext 581 prepareRefresh - Refreshing org.springframework.context.support.ClassPathXmlApplicationContext@c86b9e3: startup date [Wed Jan 10 23:39:55 CST 2018]; root of context hierarchy
2018-01-10 at 23:39:55 CST INFO  org.springframework.beans.factory.xml.XmlBeanDefinitionReader 317 loadBeanDefinitions - Loading XML bean definitions from class path resource [spring/applicationcontext.xml]
2018-01-10 at 23:39:56 CST INFO  org.springframework.beans.factory.xml.XmlBeanDefinitionReader 317 loadBeanDefinitions - Loading XML bean definitions from class path resource [spring-mybatis.xml]
2018-01-10 at 23:39:56 CST INFO  org.springframework.beans.factory.support.DefaultListableBeanFactory 842 registerBeanDefinition - Overriding bean definition for bean 'sqlSessionFactory' with a different definition: replacing [Generic bean: class [org.mybatis.spring.SqlSessionFactoryBean]; scope=; abstract=false; lazyInit=false; autowireMode=0; dependencyCheck=0; autowireCandidate=true; primary=false; factoryBeanName=null; factoryMethodName=null; initMethodName=null; destroyMethodName=null; defined in class path resource [spring/applicationcontext.xml]] with [Generic bean: class [org.mybatis.spring.SqlSessionFactoryBean]; scope=; abstract=false; lazyInit=false; autowireMode=0; dependencyCheck=0; autowireCandidate=true; primary=false; factoryBeanName=null; factoryMethodName=null; initMethodName=null; destroyMethodName=null; defined in class path resource [spring-mybatis.xml]]
2018-01-10 at 23:39:56 CST WARN  org.mybatis.spring.mapper.ClassPathMapperScanner 167 doScan - No MyBatis mapper was found in '[com.facishare.business.recommend.dao]' package. Please check your configuration.
2018-01-10 at 23:39:56 CST INFO  org.springframework.core.io.support.PropertiesLoaderSupport 172 loadProperties - Loading properties file from class path resource [data-access.properties]
2018-01-10 at 23:39:56 CST INFO  org.springframework.core.io.support.PropertiesLoaderSupport 172 loadProperties - Loading properties file from class path resource [jdbc.properties]
2018-01-10 at 23:39:56 CST WARN  org.springframework.context.support.AbstractApplicationContext 549 refresh - Exception encountered during context initialization - cancelling refresh attempt: org.springframework.beans.factory.BeanDefinitionStoreException: Invalid bean definition with name 'dataSourceAbstract' defined in class path resource [spring-mybatis.xml]: Could not resolve placeholder 'fs.operation.mysql.driverClass' in string value "${fs.operation.mysql.driverClass}"; nested exception is java.lang.IllegalArgumentException: Could not resolve placeholder 'fs.operation.mysql.driverClass' in string value "${fs.operation.mysql.driverClass}"
2018-01-10 at 23:43:53 CST INFO  org.springframework.context.support.AbstractApplicationContext 581 prepareRefresh - Refreshing org.springframework.context.support.ClassPathXmlApplicationContext@c86b9e3: startup date [Wed Jan 10 23:43:53 CST 2018]; root of context hierarchy
2018-01-10 at 23:43:53 CST INFO  org.springframework.beans.factory.xml.XmlBeanDefinitionReader 317 loadBeanDefinitions - Loading XML bean definitions from class path resource [spring/applicationcontext.xml]
2018-01-10 at 23:43:53 CST INFO  org.springframework.beans.factory.xml.XmlBeanDefinitionReader 317 loadBeanDefinitions - Loading XML bean definitions from class path resource [spring-mybatis.xml]
2018-01-10 at 23:43:53 CST INFO  org.springframework.beans.factory.support.DefaultListableBeanFactory 842 registerBeanDefinition - Overriding bean definition for bean 'sqlSessionFactory' with a different definition: replacing [Generic bean: class [org.mybatis.spring.SqlSessionFactoryBean]; scope=; abstract=false; lazyInit=false; autowireMode=0; dependencyCheck=0; autowireCandidate=true; primary=false; factoryBeanName=null; factoryMethodName=null; initMethodName=null; destroyMethodName=null; defined in class path resource [spring/applicationcontext.xml]] with [Generic bean: class [org.mybatis.spring.SqlSessionFactoryBean]; scope=; abstract=false; lazyInit=false; autowireMode=0; dependencyCheck=0; autowireCandidate=true; primary=false; factoryBeanName=null; factoryMethodName=null; initMethodName=null; destroyMethodName=null; defined in class path resource [spring-mybatis.xml]]
2018-01-10 at 23:43:53 CST WARN  org.mybatis.spring.mapper.ClassPathMapperScanner 167 doScan - No MyBatis mapper was found in '[com.facishare.business.recommend.dao]' package. Please check your configuration.
2018-01-10 at 23:43:53 CST INFO  org.springframework.core.io.support.PropertiesLoaderSupport 172 loadProperties - Loading properties file from class path resource [data-access.properties]
2018-01-10 at 23:43:53 CST INFO  org.springframework.core.io.support.PropertiesLoaderSupport 172 loadProperties - Loading properties file from class path resource [jdbc.properties]
2018-01-10 at 23:43:53 CST WARN  org.springframework.context.support.AbstractApplicationContext 549 refresh - Exception encountered during context initialization - cancelling refresh attempt: org.springframework.beans.factory.BeanDefinitionStoreException: Invalid bean definition with name 'dataSource' defined in class path resource [spring/applicationcontext.xml]: Could not resolve placeholder 'driverClassName' in string value "${driverClassName}"; nested exception is java.lang.IllegalArgumentException: Could not resolve placeholder 'driverClassName' in string value "${driverClassName}"
2018-01-10 at 23:45:32 CST INFO  org.springframework.context.support.AbstractApplicationContext 581 prepareRefresh - Refreshing org.springframework.context.support.ClassPathXmlApplicationContext@c86b9e3: startup date [Wed Jan 10 23:45:32 CST 2018]; root of context hierarchy
2018-01-10 at 23:45:32 CST INFO  org.springframework.beans.factory.xml.XmlBeanDefinitionReader 317 loadBeanDefinitions - Loading XML bean definitions from class path resource [spring/applicationcontext.xml]
2018-01-10 at 23:45:33 CST INFO  org.springframework.core.io.support.PropertiesLoaderSupport 172 loadProperties - Loading properties file from class path resource [data-access.properties]
2018-01-10 at 23:45:33 CST INFO  org.springframework.core.io.support.PropertiesLoaderSupport 172 loadProperties - Loading properties file from class path resource [jdbc.properties]
2018-01-10 at 23:45:33 CST WARN  org.springframework.context.support.AbstractApplicationContext 549 refresh - Exception encountered during context initialization - cancelling refresh attempt: org.springframework.beans.factory.BeanCreationException: Error creating bean with name 'org.springframework.aop.config.internalAutoProxyCreator': Instantiation of bean failed; nested exception is org.springframework.beans.BeanInstantiationException: Failed to instantiate [org.springframework.aop.aspectj.annotation.AnnotationAwareAspectJAutoProxyCreator]: Constructor threw exception; nested exception is java.lang.NoClassDefFoundError: org/aspectj/lang/annotation/Around
2018-01-10 at 23:47:13 CST INFO  org.springframework.context.support.AbstractApplicationContext 581 prepareRefresh - Refreshing org.springframework.context.support.ClassPathXmlApplicationContext@ed7f8b4: startup date [Wed Jan 10 23:47:13 CST 2018]; root of context hierarchy
2018-01-10 at 23:47:13 CST INFO  org.springframework.beans.factory.xml.XmlBeanDefinitionReader 317 loadBeanDefinitions - Loading XML bean definitions from class path resource [spring/applicationcontext.xml]
2018-01-10 at 23:47:13 CST INFO  org.springframework.core.io.support.PropertiesLoaderSupport 172 loadProperties - Loading properties file from class path resource [data-access.properties]
2018-01-10 at 23:47:13 CST INFO  org.springframework.core.io.support.PropertiesLoaderSupport 172 loadProperties - Loading properties file from class path resource [jdbc.properties]
2018-01-10 at 23:47:14 CST WARN  org.springframework.context.support.AbstractApplicationContext 549 refresh - Exception encountered during context initialization - cancelling refresh attempt: org.springframework.beans.factory.BeanCreationException: Error creating bean with name 'climbService': Injection of resource dependencies failed; nested exception is org.springframework.beans.factory.BeanCreationException: Error creating bean with name 'answerMapper' defined in file [/home/larry/workspace/self/zhihu-climb/target/classes/cn/larry/search/dao/AnswerMapper.class]: Cannot resolve reference to bean 'sqlSessionFactory' while setting bean property 'sqlSessionFactory'; nested exception is org.springframework.beans.factory.BeanCreationException: Error creating bean with name 'sqlSessionFactory' defined in class path resource [spring/applicationcontext.xml]: Invocation of init method failed; nested exception is org.springframework.core.NestedIOException: Failed to parse config resource: class path resource [mybatis/mybatis-config.xml]; nested exception is org.apache.ibatis.builder.BuilderException: Error parsing SQL Mapper Configuration. Cause: org.apache.ibatis.builder.BuilderException: Error parsing Mapper XML. Cause: org.apache.ibatis.builder.BuilderException: Error resolving class. Cause: org.apache.ibatis.type.TypeException: Could not resolve type alias 'cn.larry.search.model.CompanyData'.  Cause: java.lang.ClassNotFoundException: Cannot find class: cn.larry.search.model.CompanyData
2018-01-10 at 23:48:41 CST INFO  org.springframework.context.support.AbstractApplicationContext 581 prepareRefresh - Refreshing org.springframework.context.support.ClassPathXmlApplicationContext@ed7f8b4: startup date [Wed Jan 10 23:48:41 CST 2018]; root of context hierarchy
2018-01-10 at 23:48:41 CST INFO  org.springframework.beans.factory.xml.XmlBeanDefinitionReader 317 loadBeanDefinitions - Loading XML bean definitions from class path resource [spring/applicationcontext.xml]
2018-01-10 at 23:48:41 CST INFO  org.springframework.core.io.support.PropertiesLoaderSupport 172 loadProperties - Loading properties file from class path resource [data-access.properties]
2018-01-10 at 23:48:41 CST INFO  org.springframework.core.io.support.PropertiesLoaderSupport 172 loadProperties - Loading properties file from class path resource [jdbc.properties]
2018-01-10 at 23:48:41 CST WARN  org.springframework.context.support.AbstractApplicationContext 549 refresh - Exception encountered during context initialization - cancelling refresh attempt: org.springframework.beans.factory.BeanCreationException: Error creating bean with name 'climbService': Injection of resource dependencies failed; nested exception is org.springframework.beans.factory.BeanCreationException: Error creating bean with name 'answerMapper' defined in file [/home/larry/workspace/self/zhihu-climb/target/classes/cn/larry/search/dao/AnswerMapper.class]: Cannot resolve reference to bean 'sqlSessionFactory' while setting bean property 'sqlSessionFactory'; nested exception is org.springframework.beans.factory.BeanCreationException: Error creating bean with name 'sqlSessionFactory' defined in class path resource [spring/applicationcontext.xml]: Invocation of init method failed; nested exception is org.springframework.core.NestedIOException: Failed to parse config resource: class path resource [mybatis/mybatis-config.xml]; nested exception is org.apache.ibatis.builder.BuilderException: Error parsing SQL Mapper Configuration. Cause: java.io.IOException: Could not find resource mybatis/companyMapper.xml
2018-01-10 at 23:48:58 CST INFO  org.springframework.context.support.AbstractApplicationContext 581 prepareRefresh - Refreshing org.springframework.context.support.ClassPathXmlApplicationContext@ed7f8b4: startup date [Wed Jan 10 23:48:58 CST 2018]; root of context hierarchy
2018-01-10 at 23:48:59 CST INFO  org.springframework.beans.factory.xml.XmlBeanDefinitionReader 317 loadBeanDefinitions - Loading XML bean definitions from class path resource [spring/applicationcontext.xml]
2018-01-10 at 23:48:59 CST INFO  org.springframework.core.io.support.PropertiesLoaderSupport 172 loadProperties - Loading properties file from class path resource [data-access.properties]
2018-01-10 at 23:48:59 CST INFO  org.springframework.core.io.support.PropertiesLoaderSupport 172 loadProperties - Loading properties file from class path resource [jdbc.properties]
2018-01-10 at 23:48:59 CST WARN  org.springframework.context.support.AbstractApplicationContext 549 refresh - Exception encountered during context initialization - cancelling refresh attempt: org.springframework.beans.factory.BeanCreationException: Error creating bean with name 'climbService': Injection of resource dependencies failed; nested exception is org.springframework.beans.factory.BeanCreationException: Error creating bean with name 'answerMapper' defined in file [/home/larry/workspace/self/zhihu-climb/target/classes/cn/larry/search/dao/AnswerMapper.class]: Cannot resolve reference to bean 'sqlSessionFactory' while setting bean property 'sqlSessionFactory'; nested exception is org.springframework.beans.factory.BeanCreationException: Error creating bean with name 'sqlSessionFactory' defined in class path resource [spring/applicationcontext.xml]: Invocation of init method failed; nested exception is org.springframework.core.NestedIOException: Failed to parse config resource: class path resource [mybatis/mybatis-config.xml]; nested exception is org.apache.ibatis.builder.BuilderException: Error parsing SQL Mapper Configuration. Cause: java.io.IOException: Could not find resource mybatis/companyMapper.xml
2018-01-10 at 23:49:40 CST INFO  org.springframework.context.support.AbstractApplicationContext 581 prepareRefresh - Refreshing org.springframework.context.support.ClassPathXmlApplicationContext@ed7f8b4: startup date [Wed Jan 10 23:49:40 CST 2018]; root of context hierarchy
2018-01-10 at 23:49:40 CST INFO  org.springframework.beans.factory.xml.XmlBeanDefinitionReader 317 loadBeanDefinitions - Loading XML bean definitions from class path resource [spring/applicationcontext.xml]
2018-01-10 at 23:49:40 CST INFO  org.springframework.core.io.support.PropertiesLoaderSupport 172 loadProperties - Loading properties file from class path resource [data-access.properties]
2018-01-10 at 23:49:40 CST INFO  org.springframework.core.io.support.PropertiesLoaderSupport 172 loadProperties - Loading properties file from class path resource [jdbc.properties]
2018-01-10 at 23:54:05 CST INFO  org.springframework.context.support.AbstractApplicationContext 581 prepareRefresh - Refreshing org.springframework.context.support.ClassPathXmlApplicationContext@be68757: startup date [Wed Jan 10 23:54:05 CST 2018]; root of context hierarchy
2018-01-10 at 23:54:05 CST INFO  org.springframework.beans.factory.xml.XmlBeanDefinitionReader 317 loadBeanDefinitions - Loading XML bean definitions from class path resource [spring/applicationcontext.xml]
2018-01-10 at 23:54:05 CST INFO  org.springframework.core.io.support.PropertiesLoaderSupport 172 loadProperties - Loading properties file from class path resource [data-access.properties]
2018-01-10 at 23:54:05 CST INFO  org.springframework.core.io.support.PropertiesLoaderSupport 172 loadProperties - Loading properties file from class path resource [jdbc.properties]
2018-01-10 at 23:54:14 CST INFO  org.springframework.context.support.AbstractApplicationContext 581 prepareRefresh - Refreshing org.springframework.context.support.ClassPathXmlApplicationContext@ed7f8b4: startup date [Wed Jan 10 23:54:14 CST 2018]; root of context hierarchy
2018-01-10 at 23:54:14 CST INFO  org.springframework.beans.factory.xml.XmlBeanDefinitionReader 317 loadBeanDefinitions - Loading XML bean definitions from class path resource [spring/applicationcontext.xml]
2018-01-10 at 23:54:14 CST INFO  org.springframework.core.io.support.PropertiesLoaderSupport 172 loadProperties - Loading properties file from class path resource [data-access.properties]
2018-01-10 at 23:54:14 CST INFO  org.springframework.core.io.support.PropertiesLoaderSupport 172 loadProperties - Loading properties file from class path resource [jdbc.properties]
2018-01-10 at 23:54:40 CST INFO  org.springframework.context.support.AbstractApplicationContext 581 prepareRefresh - Refreshing org.springframework.context.support.ClassPathXmlApplicationContext@ed7f8b4: startup date [Wed Jan 10 23:54:40 CST 2018]; root of context hierarchy
2018-01-10 at 23:54:40 CST INFO  org.springframework.beans.factory.xml.XmlBeanDefinitionReader 317 loadBeanDefinitions - Loading XML bean definitions from class path resource [spring/applicationcontext.xml]
2018-01-10 at 23:54:40 CST INFO  org.springframework.core.io.support.PropertiesLoaderSupport 172 loadProperties - Loading properties file from class path resource [data-access.properties]
2018-01-10 at 23:54:40 CST INFO  org.springframework.core.io.support.PropertiesLoaderSupport 172 loadProperties - Loading properties file from class path resource [jdbc.properties]
2018-01-10 at 23:54:44 CST INFO  org.springframework.beans.factory.xml.XmlBeanDefinitionReader 317 loadBeanDefinitions - Loading XML bean definitions from class path resource [org/springframework/jdbc/support/sql-error-codes.xml]
2018-01-10 at 23:54:44 CST INFO  org.springframework.jdbc.support.SQLErrorCodesFactory 126 <init> - SQLErrorCodes loaded: [DB2, Derby, H2, HSQL, Informix, MS-SQL, MySQL, Oracle, PostgreSQL, Sybase, Hana]
2018-01-10 at 23:57:09 CST INFO  org.springframework.context.support.AbstractApplicationContext 581 prepareRefresh - Refreshing org.springframework.context.support.ClassPathXmlApplicationContext@ed7f8b4: startup date [Wed Jan 10 23:57:09 CST 2018]; root of context hierarchy
2018-01-10 at 23:57:09 CST INFO  org.springframework.beans.factory.xml.XmlBeanDefinitionReader 317 loadBeanDefinitions - Loading XML bean definitions from class path resource [spring/applicationcontext.xml]
2018-01-10 at 23:57:10 CST INFO  org.springframework.core.io.support.PropertiesLoaderSupport 172 loadProperties - Loading properties file from class path resource [data-access.properties]
2018-01-10 at 23:57:10 CST INFO  org.springframework.core.io.support.PropertiesLoaderSupport 172 loadProperties - Loading properties file from class path resource [jdbc.properties]
2018-01-10 at 23:57:14 CST INFO  org.springframework.beans.factory.xml.XmlBeanDefinitionReader 317 loadBeanDefinitions - Loading XML bean definitions from class path resource [org/springframework/jdbc/support/sql-error-codes.xml]
2018-01-10 at 23:57:14 CST INFO  org.springframework.jdbc.support.SQLErrorCodesFactory 126 <init> - SQLErrorCodes loaded: [DB2, Derby, H2, HSQL, Informix, MS-SQL, MySQL, Oracle, PostgreSQL, Sybase, Hana]
2018-01-11 at 00:02:51 CST INFO  org.springframework.context.support.AbstractApplicationContext 581 prepareRefresh - Refreshing org.springframework.context.support.ClassPathXmlApplicationContext@ed7f8b4: startup date [Thu Jan 11 00:02:51 CST 2018]; root of context hierarchy
2018-01-11 at 00:02:51 CST INFO  org.springframework.beans.factory.xml.XmlBeanDefinitionReader 317 loadBeanDefinitions - Loading XML bean definitions from class path resource [spring/applicationcontext.xml]
2018-01-11 at 00:02:51 CST INFO  org.springframework.core.io.support.PropertiesLoaderSupport 172 loadProperties - Loading properties file from class path resource [data-access.properties]
2018-01-11 at 00:02:51 CST INFO  org.springframework.core.io.support.PropertiesLoaderSupport 172 loadProperties - Loading properties file from class path resource [jdbc.properties]
2018-01-11 at 00:02:55 CST INFO  org.springframework.beans.factory.xml.XmlBeanDefinitionReader 317 loadBeanDefinitions - Loading XML bean definitions from class path resource [org/springframework/jdbc/support/sql-error-codes.xml]
2018-01-11 at 00:02:56 CST INFO  org.springframework.jdbc.support.SQLErrorCodesFactory 126 <init> - SQLErrorCodes loaded: [DB2, Derby, H2, HSQL, Informix, MS-SQL, MySQL, Oracle, PostgreSQL, Sybase, Hana]
2018-01-11 at 00:05:13 CST INFO  org.springframework.context.support.AbstractApplicationContext 581 prepareRefresh - Refreshing org.springframework.context.support.ClassPathXmlApplicationContext@ed7f8b4: startup date [Thu Jan 11 00:05:13 CST 2018]; root of context hierarchy
2018-01-11 at 00:05:13 CST INFO  org.springframework.beans.factory.xml.XmlBeanDefinitionReader 317 loadBeanDefinitions - Loading XML bean definitions from class path resource [spring/applicationcontext.xml]
2018-01-11 at 00:05:13 CST INFO  org.springframework.core.io.support.PropertiesLoaderSupport 172 loadProperties - Loading properties file from class path resource [data-access.properties]
2018-01-11 at 00:05:13 CST INFO  org.springframework.core.io.support.PropertiesLoaderSupport 172 loadProperties - Loading properties file from class path resource [jdbc.properties]
2018-01-11 at 00:05:17 CST INFO  org.springframework.beans.factory.xml.XmlBeanDefinitionReader 317 loadBeanDefinitions - Loading XML bean definitions from class path resource [org/springframework/jdbc/support/sql-error-codes.xml]
2018-01-11 at 00:05:18 CST INFO  org.springframework.jdbc.support.SQLErrorCodesFactory 126 <init> - SQLErrorCodes loaded: [DB2, Derby, H2, HSQL, Informix, MS-SQL, MySQL, Oracle, PostgreSQL, Sybase, Hana]
2018-01-11 at 00:05:59 CST INFO  org.springframework.context.support.AbstractApplicationContext 581 prepareRefresh - Refreshing org.springframework.context.support.ClassPathXmlApplicationContext@ed7f8b4: startup date [Thu Jan 11 00:05:59 CST 2018]; root of context hierarchy
2018-01-11 at 00:05:59 CST INFO  org.springframework.beans.factory.xml.XmlBeanDefinitionReader 317 loadBeanDefinitions - Loading XML bean definitions from class path resource [spring/applicationcontext.xml]
2018-01-11 at 00:06:00 CST INFO  org.springframework.core.io.support.PropertiesLoaderSupport 172 loadProperties - Loading properties file from class path resource [data-access.properties]
2018-01-11 at 00:06:00 CST INFO  org.springframework.core.io.support.PropertiesLoaderSupport 172 loadProperties - Loading properties file from class path resource [jdbc.properties]
2018-01-11 at 00:13:21 CST INFO  org.springframework.context.support.AbstractApplicationContext 581 prepareRefresh - Refreshing org.springframework.context.support.ClassPathXmlApplicationContext@ed7f8b4: startup date [Thu Jan 11 00:13:21 CST 2018]; root of context hierarchy
2018-01-11 at 00:13:21 CST INFO  org.springframework.beans.factory.xml.XmlBeanDefinitionReader 317 loadBeanDefinitions - Loading XML bean definitions from class path resource [spring/applicationcontext.xml]
2018-01-11 at 00:13:21 CST INFO  org.springframework.core.io.support.PropertiesLoaderSupport 172 loadProperties - Loading properties file from class path resource [data-access.properties]
2018-01-11 at 00:13:21 CST INFO  org.springframework.core.io.support.PropertiesLoaderSupport 172 loadProperties - Loading properties file from class path resource [jdbc.properties]
2018-01-11 at 23:21:46 CST INFO  org.springframework.context.support.AbstractApplicationContext 581 prepareRefresh - Refreshing org.springframework.context.support.ClassPathXmlApplicationContext@ed7f8b4: startup date [Thu Jan 11 23:21:46 CST 2018]; root of context hierarchy
2018-01-11 at 23:21:46 CST INFO  org.springframework.beans.factory.xml.XmlBeanDefinitionReader 317 loadBeanDefinitions - Loading XML bean definitions from class path resource [spring/applicationcontext.xml]
2018-01-11 at 23:21:46 CST INFO  org.springframework.core.io.support.PropertiesLoaderSupport 172 loadProperties - Loading properties file from class path resource [data-access.properties]
2018-01-11 at 23:21:46 CST INFO  org.springframework.core.io.support.PropertiesLoaderSupport 172 loadProperties - Loading properties file from class path resource [jdbc.properties]
2018-01-11 at 23:21:51 CST INFO  org.springframework.beans.factory.xml.XmlBeanDefinitionReader 317 loadBeanDefinitions - Loading XML bean definitions from class path resource [org/springframework/jdbc/support/sql-error-codes.xml]
2018-01-11 at 23:21:51 CST INFO  org.springframework.jdbc.support.SQLErrorCodesFactory 126 <init> - SQLErrorCodes loaded: [DB2, Derby, H2, HSQL, Informix, MS-SQL, MySQL, Oracle, PostgreSQL, Sybase, Hana]
2018-01-11 at 23:22:59 CST INFO  org.springframework.context.support.AbstractApplicationContext 581 prepareRefresh - Refreshing org.springframework.context.support.ClassPathXmlApplicationContext@ed7f8b4: startup date [Thu Jan 11 23:22:59 CST 2018]; root of context hierarchy
2018-01-11 at 23:22:59 CST INFO  org.springframework.beans.factory.xml.XmlBeanDefinitionReader 317 loadBeanDefinitions - Loading XML bean definitions from class path resource [spring/applicationcontext.xml]
2018-01-11 at 23:23:00 CST INFO  org.springframework.core.io.support.PropertiesLoaderSupport 172 loadProperties - Loading properties file from class path resource [data-access.properties]
2018-01-11 at 23:23:00 CST INFO  org.springframework.core.io.support.PropertiesLoaderSupport 172 loadProperties - Loading properties file from class path resource [jdbc.properties]
2018-01-11 at 23:25:52 CST INFO  org.springframework.context.support.AbstractApplicationContext 581 prepareRefresh - Refreshing org.springframework.context.support.ClassPathXmlApplicationContext@ed7f8b4: startup date [Thu Jan 11 23:25:52 CST 2018]; root of context hierarchy
2018-01-11 at 23:25:52 CST INFO  org.springframework.beans.factory.xml.XmlBeanDefinitionReader 317 loadBeanDefinitions - Loading XML bean definitions from class path resource [spring/applicationcontext.xml]
2018-01-11 at 23:25:52 CST INFO  org.springframework.core.io.support.PropertiesLoaderSupport 172 loadProperties - Loading properties file from class path resource [data-access.properties]
2018-01-11 at 23:25:52 CST INFO  org.springframework.core.io.support.PropertiesLoaderSupport 172 loadProperties - Loading properties file from class path resource [jdbc.properties]
2018-01-11 at 23:26:00 CST INFO  org.springframework.beans.factory.xml.XmlBeanDefinitionReader 317 loadBeanDefinitions - Loading XML bean definitions from class path resource [org/springframework/jdbc/support/sql-error-codes.xml]
2018-01-11 at 23:26:00 CST INFO  org.springframework.jdbc.support.SQLErrorCodesFactory 126 <init> - SQLErrorCodes loaded: [DB2, Derby, H2, HSQL, Informix, MS-SQL, MySQL, Oracle, PostgreSQL, Sybase, Hana]
2018-01-11 at 23:27:37 CST INFO  org.springframework.context.support.AbstractApplicationContext 581 prepareRefresh - Refreshing org.springframework.context.support.ClassPathXmlApplicationContext@ed7f8b4: startup date [Thu Jan 11 23:27:37 CST 2018]; root of context hierarchy
2018-01-11 at 23:27:37 CST INFO  org.springframework.beans.factory.xml.XmlBeanDefinitionReader 317 loadBeanDefinitions - Loading XML bean definitions from class path resource [spring/applicationcontext.xml]
2018-01-11 at 23:27:37 CST INFO  org.springframework.core.io.support.PropertiesLoaderSupport 172 loadProperties - Loading properties file from class path resource [data-access.properties]
2018-01-11 at 23:27:37 CST INFO  org.springframework.core.io.support.PropertiesLoaderSupport 172 loadProperties - Loading properties file from class path resource [jdbc.properties]
2018-01-11 at 23:27:46 CST INFO  org.springframework.beans.factory.xml.XmlBeanDefinitionReader 317 loadBeanDefinitions - Loading XML bean definitions from class path resource [org/springframework/jdbc/support/sql-error-codes.xml]
2018-01-11 at 23:27:46 CST INFO  org.springframework.jdbc.support.SQLErrorCodesFactory 126 <init> - SQLErrorCodes loaded: [DB2, Derby, H2, HSQL, Informix, MS-SQL, MySQL, Oracle, PostgreSQL, Sybase, Hana]
2018-01-11 at 23:29:43 CST INFO  org.springframework.context.support.AbstractApplicationContext 581 prepareRefresh - Refreshing org.springframework.context.support.ClassPathXmlApplicationContext@ed7f8b4: startup date [Thu Jan 11 23:29:43 CST 2018]; root of context hierarchy
2018-01-11 at 23:29:43 CST INFO  org.springframework.beans.factory.xml.XmlBeanDefinitionReader 317 loadBeanDefinitions - Loading XML bean definitions from class path resource [spring/applicationcontext.xml]
2018-01-11 at 23:29:43 CST INFO  org.springframework.core.io.support.PropertiesLoaderSupport 172 loadProperties - Loading properties file from class path resource [data-access.properties]
2018-01-11 at 23:29:43 CST INFO  org.springframework.core.io.support.PropertiesLoaderSupport 172 loadProperties - Loading properties file from class path resource [jdbc.properties]
2018-01-11 at 23:29:55 CST INFO  org.springframework.context.support.AbstractApplicationContext 581 prepareRefresh - Refreshing org.springframework.context.support.ClassPathXmlApplicationContext@be68757: startup date [Thu Jan 11 23:29:55 CST 2018]; root of context hierarchy
2018-01-11 at 23:29:55 CST INFO  org.springframework.beans.factory.xml.XmlBeanDefinitionReader 317 loadBeanDefinitions - Loading XML bean definitions from class path resource [spring/applicationcontext.xml]
2018-01-11 at 23:29:56 CST INFO  org.springframework.core.io.support.PropertiesLoaderSupport 172 loadProperties - Loading properties file from class path resource [data-access.properties]
2018-01-11 at 23:29:56 CST INFO  org.springframework.core.io.support.PropertiesLoaderSupport 172 loadProperties - Loading properties file from class path resource [jdbc.properties]
2018-01-11 at 23:31:22 CST INFO  org.springframework.context.support.AbstractApplicationContext 581 prepareRefresh - Refreshing org.springframework.context.support.ClassPathXmlApplicationContext@ed7f8b4: startup date [Thu Jan 11 23:31:22 CST 2018]; root of context hierarchy
2018-01-11 at 23:31:22 CST INFO  org.springframework.beans.factory.xml.XmlBeanDefinitionReader 317 loadBeanDefinitions - Loading XML bean definitions from class path resource [spring/applicationcontext.xml]
2018-01-11 at 23:31:22 CST INFO  org.springframework.core.io.support.PropertiesLoaderSupport 172 loadProperties - Loading properties file from class path resource [data-access.properties]
2018-01-11 at 23:31:22 CST INFO  org.springframework.core.io.support.PropertiesLoaderSupport 172 loadProperties - Loading properties file from class path resource [jdbc.properties]
2018-01-11 at 23:36:19 CST INFO  org.springframework.context.support.AbstractApplicationContext 581 prepareRefresh - Refreshing org.springframework.context.support.ClassPathXmlApplicationContext@ed7f8b4: startup date [Thu Jan 11 23:36:19 CST 2018]; root of context hierarchy
2018-01-11 at 23:36:19 CST INFO  org.springframework.beans.factory.xml.XmlBeanDefinitionReader 317 loadBeanDefinitions - Loading XML bean definitions from class path resource [spring/applicationcontext.xml]
2018-01-11 at 23:36:20 CST INFO  org.springframework.core.io.support.PropertiesLoaderSupport 172 loadProperties - Loading properties file from class path resource [data-access.properties]
2018-01-11 at 23:36:20 CST INFO  org.springframework.core.io.support.PropertiesLoaderSupport 172 loadProperties - Loading properties file from class path resource [jdbc.properties]
2018-01-11 at 23:45:30 CST INFO  org.springframework.context.support.AbstractApplicationContext 581 prepareRefresh - Refreshing org.springframework.context.support.ClassPathXmlApplicationContext@ed7f8b4: startup date [Thu Jan 11 23:45:30 CST 2018]; root of context hierarchy
2018-01-11 at 23:45:30 CST INFO  org.springframework.beans.factory.xml.XmlBeanDefinitionReader 317 loadBeanDefinitions - Loading XML bean definitions from class path resource [spring/applicationcontext.xml]
2018-01-11 at 23:45:31 CST INFO  org.springframework.core.io.support.PropertiesLoaderSupport 172 loadProperties - Loading properties file from class path resource [data-access.properties]
2018-01-11 at 23:45:31 CST INFO  org.springframework.core.io.support.PropertiesLoaderSupport 172 loadProperties - Loading properties file from class path resource [jdbc.properties]
2018-01-11 at 23:46:02 CST INFO  org.springframework.context.support.AbstractApplicationContext 581 prepareRefresh - Refreshing org.springframework.context.support.ClassPathXmlApplicationContext@ed7f8b4: startup date [Thu Jan 11 23:46:02 CST 2018]; root of context hierarchy
2018-01-11 at 23:46:02 CST INFO  org.springframework.beans.factory.xml.XmlBeanDefinitionReader 317 loadBeanDefinitions - Loading XML bean definitions from class path resource [spring/applicationcontext.xml]
2018-01-11 at 23:46:02 CST INFO  org.springframework.core.io.support.PropertiesLoaderSupport 172 loadProperties - Loading properties file from class path resource [data-access.properties]
2018-01-11 at 23:46:02 CST INFO  org.springframework.core.io.support.PropertiesLoaderSupport 172 loadProperties - Loading properties file from class path resource [jdbc.properties]
2018-01-11 at 23:50:14 CST INFO  org.springframework.beans.factory.xml.XmlBeanDefinitionReader 317 loadBeanDefinitions - Loading XML bean definitions from class path resource [org/springframework/jdbc/support/sql-error-codes.xml]
2018-01-11 at 23:50:14 CST INFO  org.springframework.jdbc.support.SQLErrorCodesFactory 126 <init> - SQLErrorCodes loaded: [DB2, Derby, H2, HSQL, Informix, MS-SQL, MySQL, Oracle, PostgreSQL, Sybase, Hana]
2018-01-11 at 23:55:56 CST INFO  org.springframework.context.support.AbstractApplicationContext 581 prepareRefresh - Refreshing org.springframework.context.support.ClassPathXmlApplicationContext@ed7f8b4: startup date [Thu Jan 11 23:55:56 CST 2018]; root of context hierarchy
2018-01-11 at 23:55:56 CST INFO  org.springframework.beans.factory.xml.XmlBeanDefinitionReader 317 loadBeanDefinitions - Loading XML bean definitions from class path resource [spring/applicationcontext.xml]
2018-01-11 at 23:55:56 CST INFO  org.springframework.core.io.support.PropertiesLoaderSupport 172 loadProperties - Loading properties file from class path resource [data-access.properties]
2018-01-11 at 23:55:56 CST INFO  org.springframework.core.io.support.PropertiesLoaderSupport 172 loadProperties - Loading properties file from class path resource [jdbc.properties]
2018-01-11 at 23:56:57 CST INFO  org.springframework.context.support.AbstractApplicationContext 581 prepareRefresh - Refreshing org.springframework.context.support.ClassPathXmlApplicationContext@ed7f8b4: startup date [Thu Jan 11 23:56:57 CST 2018]; root of context hierarchy
2018-01-11 at 23:56:57 CST INFO  org.springframework.beans.factory.xml.XmlBeanDefinitionReader 317 loadBeanDefinitions - Loading XML bean definitions from class path resource [spring/applicationcontext.xml]
2018-01-11 at 23:56:58 CST INFO  org.springframework.core.io.support.PropertiesLoaderSupport 172 loadProperties - Loading properties file from class path resource [data-access.properties]
2018-01-11 at 23:56:58 CST INFO  org.springframework.core.io.support.PropertiesLoaderSupport 172 loadProperties - Loading properties file from class path resource [jdbc.properties]
2018-01-12 at 01:55:32 CST INFO  org.springframework.beans.factory.xml.XmlBeanDefinitionReader 317 loadBeanDefinitions - Loading XML bean definitions from class path resource [org/springframework/jdbc/support/sql-error-codes.xml]
2018-01-12 at 01:55:32 CST INFO  org.springframework.jdbc.support.SQLErrorCodesFactory 126 <init> - SQLErrorCodes loaded: [DB2, Derby, H2, HSQL, Informix, MS-SQL, MySQL, Oracle, PostgreSQL, Sybase, Hana]
